<?xml version="1.0" encoding="UTF-8"?>
<testsuite xmlns:xsi="http://www.w3.org/2001/XMLSchema-instance" xsi:noNamespaceSchemaLocation="https://maven.apache.org/surefire/maven-surefire-plugin/xsd/surefire-test-report-3.0.xsd" version="3.0" name="ElectrodomesticTest" time="0.147" tests="9" errors="0" skipped="0" failures="0">
  <properties>
    <property name="java.specification.version" value="23"/>
    <property name="sun.jnu.encoding" value="UTF-8"/>
    <property name="java.class.path" value="/home/gerard/Documents/Personal/ProgramacionRoxysta/DAM/DAM1/0485-Programació/RA7/PT10.2-Electrodomestics/target/test-classes:/home/gerard/Documents/Personal/ProgramacionRoxysta/DAM/DAM1/0485-Programació/RA7/PT10.2-Electrodomestics/target/classes:/home/gerard/.m2/repository/junit/junit/4.13.2/junit-4.13.2.jar:/home/gerard/.m2/repository/org/hamcrest/hamcrest-core/1.3/hamcrest-core-1.3.jar:"/>
    <property name="java.vm.vendor" value="Arch Linux"/>
    <property name="sun.arch.data.model" value="64"/>
    <property name="java.vendor.url" value="https://openjdk.org/"/>
    <property name="os.name" value="Linux"/>
    <property name="java.vm.specification.version" value="23"/>
    <property name="user.country" value="US"/>
    <property name="sun.java.launcher" value="SUN_STANDARD"/>
    <property name="sun.boot.library.path" value="/usr/lib/jvm/java-23-openjdk/lib"/>
    <property name="sun.java.command" value="/home/gerard/Documents/Personal/ProgramacionRoxysta/DAM/DAM1/0485-Programació/RA7/PT10.2-Electrodomestics/target/surefire/surefirebooter-20250307161233510_3.jar /home/gerard/Documents/Personal/ProgramacionRoxysta/DAM/DAM1/0485-Programació/RA7/PT10.2-Electrodomestics/target/surefire 2025-03-07T16-12-33_300-jvmRun1 surefire-20250307161233510_1tmp surefire_0-20250307161233510_2tmp"/>
    <property name="jdk.debug" value="release"/>
    <property name="test" value="ElectrodomesticTest"/>
    <property name="surefire.test.class.path" value="/home/gerard/Documents/Personal/ProgramacionRoxysta/DAM/DAM1/0485-Programació/RA7/PT10.2-Electrodomestics/target/test-classes:/home/gerard/Documents/Personal/ProgramacionRoxysta/DAM/DAM1/0485-Programació/RA7/PT10.2-Electrodomestics/target/classes:/home/gerard/.m2/repository/junit/junit/4.13.2/junit-4.13.2.jar:/home/gerard/.m2/repository/org/hamcrest/hamcrest-core/1.3/hamcrest-core-1.3.jar:"/>
    <property name="sun.cpu.endian" value="little"/>
    <property name="user.home" value="/home/gerard"/>
    <property name="user.language" value="en"/>
    <property name="java.specification.vendor" value="Oracle Corporation"/>
    <property name="java.version.date" value="2025-01-21"/>
    <property name="java.home" value="/usr/lib/jvm/java-23-openjdk"/>
    <property name="file.separator" value="/"/>
    <property name="basedir" value="/home/gerard/Documents/Personal/ProgramacionRoxysta/DAM/DAM1/0485-Programació/RA7/PT10.2-Electrodomestics"/>
    <property name="java.vm.compressedOopsMode" value="Zero based"/>
    <property name="line.separator" value="&#10;"/>
    <property name="java.specification.name" value="Java Platform API Specification"/>
    <property name="java.vm.specification.vendor" value="Oracle Corporation"/>
    <property name="surefire.real.class.path" value="/home/gerard/Documents/Personal/ProgramacionRoxysta/DAM/DAM1/0485-Programació/RA7/PT10.2-Electrodomestics/target/surefire/surefirebooter-20250307161233510_3.jar"/>
    <property name="sun.management.compiler" value="HotSpot 64-Bit Tiered Compilers"/>
    <property name="java.runtime.version" value="23.0.2"/>
    <property name="user.name" value="gerard"/>
    <property name="stdout.encoding" value="UTF-8"/>
    <property name="path.separator" value=":"/>
    <property name="os.version" value="6.12.17-1-MANJARO"/>
    <property name="java.runtime.name" value="OpenJDK Runtime Environment"/>
    <property name="file.encoding" value="UTF-8"/>
    <property name="java.vm.name" value="OpenJDK 64-Bit Server VM"/>
    <property name="maven.ext.class.path" value="/home/gerard/.vscode/extensions/oracle.oracle-java-23.1.0/nbcode/java/maven-nblib/netbeans-eventspy.jar"/>
    <property name="localRepository" value="/home/gerard/.m2/repository"/>
    <property name="java.vendor.url.bug" value="https://bugreport.java.com/bugreport/"/>
    <property name="java.io.tmpdir" value="/tmp"/>
    <property name="java.version" value="23.0.2"/>
    <property name="user.dir" value="/home/gerard/Documents/Personal/ProgramacionRoxysta/DAM/DAM1/0485-Programació/RA7/PT10.2-Electrodomestics"/>
    <property name="os.arch" value="amd64"/>
    <property name="java.vm.specification.name" value="Java Virtual Machine Specification"/>
    <property name="native.encoding" value="UTF-8"/>
    <property name="java.library.path" value="/usr/java/packages/lib:/usr/lib64:/lib64:/lib:/usr/lib"/>
    <property name="java.vm.info" value="mixed mode, sharing"/>
    <property name="stderr.encoding" value="UTF-8"/>
    <property name="java.vendor" value="Arch Linux"/>
    <property name="java.vm.version" value="23.0.2"/>
    <property name="sun.io.unicode.encoding" value="UnicodeLittle"/>
    <property name="java.class.version" value="67.0"/>
  </properties>
  <testcase name="testElectrodomesticPreuPes" classname="ElectrodomesticTest" time="0.01"/>
  <testcase name="testTelevisioComplet" classname="ElectrodomesticTest" time="0.0"/>
  <testcase name="testRentadoraComplet" classname="ElectrodomesticTest" time="0.0"/>
  <testcase name="testElectrodomesticComplet" classname="ElectrodomesticTest" time="0.0"/>
  <testcase name="testElectrodomesticPerDefecte" classname="ElectrodomesticTest" time="0.0"/>
  <testcase name="testRentadoraPerDefecte" classname="ElectrodomesticTest" time="0.0"/>
  <testcase name="testTelevisioPerDefecte" classname="ElectrodomesticTest" time="0.0"/>
  <testcase name="testTelevisioPreuPes" classname="ElectrodomesticTest" time="0.0"/>
  <testcase name="testRentadoraPreuPes" classname="ElectrodomesticTest" time="0.0"/>
</testsuite>